0 info it worked if it ends with ok
1 verbose cli [ '/usr/bin/nodejs', '/usr/bin/npm', 'install', 'plaidchat', '-g' ]
2 info using npm@1.3.10
3 info using node@v0.10.25
4 verbose cache add [ 'plaidchat', null ]
5 verbose cache add name=undefined spec="plaidchat" args=["plaidchat",null]
6 verbose parsed url { protocol: null,
6 verbose parsed url   slashes: null,
6 verbose parsed url   auth: null,
6 verbose parsed url   host: null,
6 verbose parsed url   port: null,
6 verbose parsed url   hostname: null,
6 verbose parsed url   hash: null,
6 verbose parsed url   search: null,
6 verbose parsed url   query: null,
6 verbose parsed url   pathname: 'plaidchat',
6 verbose parsed url   path: 'plaidchat',
6 verbose parsed url   href: 'plaidchat' }
7 silly lockFile 43e343dc-plaidchat plaidchat
8 verbose lock plaidchat /home/gxsplinter/.npm/43e343dc-plaidchat.lock
9 silly lockFile 43e343dc-plaidchat plaidchat
10 silly lockFile 43e343dc-plaidchat plaidchat
11 verbose addNamed [ 'plaidchat', '' ]
12 verbose addNamed [ null, '*' ]
13 silly lockFile b5c08b7e-plaidchat plaidchat@
14 verbose lock plaidchat@ /home/gxsplinter/.npm/b5c08b7e-plaidchat.lock
15 silly addNameRange { name: 'plaidchat', range: '*', hasData: false }
16 verbose url raw plaidchat
17 verbose url resolving [ 'https://registry.npmjs.org/', './plaidchat' ]
18 verbose url resolved https://registry.npmjs.org/plaidchat
19 info trying registry request attempt 1 at 22:26:56
20 http GET https://registry.npmjs.org/plaidchat
21 http 200 https://registry.npmjs.org/plaidchat
22 silly registry.get cb [ 200,
22 silly registry.get   { server: 'CouchDB/1.5.0 (Erlang OTP/R16B03)',
22 silly registry.get     etag: '"C1KNV841WOUQHK6S20MUHHFPM"',
22 silly registry.get     'content-type': 'application/json',
22 silly registry.get     'cache-control': 'max-age=60',
22 silly registry.get     'content-length': '6279',
22 silly registry.get     'accept-ranges': 'bytes',
22 silly registry.get     date: 'Tue, 16 Jun 2015 21:26:57 GMT',
22 silly registry.get     via: '1.1 varnish',
22 silly registry.get     age: '0',
22 silly registry.get     connection: 'keep-alive',
22 silly registry.get     'x-served-by': 'cache-lhr6330-LHR',
22 silly registry.get     'x-cache': 'MISS',
22 silly registry.get     'x-cache-hits': '0',
22 silly registry.get     'x-timer': 'S1434490017.623776,VS0,VE97',
22 silly registry.get     vary: 'Accept' } ]
23 silly addNameRange number 2 { name: 'plaidchat', range: '*', hasData: true }
24 silly addNameRange versions [ 'plaidchat', [ '2.0.0', '2.0.1' ] ]
25 verbose addNamed [ 'plaidchat', '2.0.1' ]
26 verbose addNamed [ '2.0.1', '2.0.1' ]
27 silly lockFile 31b085b4-plaidchat-2-0-1 plaidchat@2.0.1
28 verbose lock plaidchat@2.0.1 /home/gxsplinter/.npm/31b085b4-plaidchat-2-0-1.lock
29 silly lockFile d26a3e1c-rg-plaidchat-plaidchat-2-0-1-tgz https://registry.npmjs.org/plaidchat/-/plaidchat-2.0.1.tgz
30 verbose lock https://registry.npmjs.org/plaidchat/-/plaidchat-2.0.1.tgz /home/gxsplinter/.npm/d26a3e1c-rg-plaidchat-plaidchat-2-0-1-tgz.lock
31 verbose addRemoteTarball [ 'https://registry.npmjs.org/plaidchat/-/plaidchat-2.0.1.tgz',
31 verbose addRemoteTarball   'a3dd0fdc5bddc28ef7c0fa1db7da85fad3cc3696' ]
32 info retry fetch attempt 1 at 22:26:56
33 verbose fetch to= /home/gxsplinter/tmp/npm-7378-n5t3aM9d/1434490016909-0.38222117722034454/tmp.tgz
34 http GET https://registry.npmjs.org/plaidchat/-/plaidchat-2.0.1.tgz
35 http 200 https://registry.npmjs.org/plaidchat/-/plaidchat-2.0.1.tgz
36 verbose tar unpack /home/gxsplinter/tmp/npm-7378-n5t3aM9d/1434490016909-0.38222117722034454/tmp.tgz
37 silly lockFile e5afc2a8-6909-0-38222117722034454-package tar:///home/gxsplinter/tmp/npm-7378-n5t3aM9d/1434490016909-0.38222117722034454/package
38 verbose lock tar:///home/gxsplinter/tmp/npm-7378-n5t3aM9d/1434490016909-0.38222117722034454/package /home/gxsplinter/.npm/e5afc2a8-6909-0-38222117722034454-package.lock
39 silly lockFile fd6959a5-6909-0-38222117722034454-tmp-tgz tar:///home/gxsplinter/tmp/npm-7378-n5t3aM9d/1434490016909-0.38222117722034454/tmp.tgz
40 verbose lock tar:///home/gxsplinter/tmp/npm-7378-n5t3aM9d/1434490016909-0.38222117722034454/tmp.tgz /home/gxsplinter/.npm/fd6959a5-6909-0-38222117722034454-tmp-tgz.lock
41 silly gunzTarPerm modes [ '755', '644' ]
42 silly gunzTarPerm extractEntry package.json
43 silly gunzTarPerm extractEntry .npmignore
44 silly gunzTarPerm modified mode [ '.npmignore', 436, 420 ]
45 silly gunzTarPerm extractEntry README.md
46 silly gunzTarPerm extractEntry LICENSE
47 silly gunzTarPerm extractEntry Gruntfile.js
48 silly gunzTarPerm extractEntry run.js
49 silly gunzTarPerm extractEntry docs/ffmpeg-license.txt
50 silly gunzTarPerm extractEntry docs/screenshot.png
51 silly gunzTarPerm extractEntry CHANGELOG.md
52 silly gunzTarPerm extractEntry .travis.yml
53 silly gunzTarPerm extractEntry .jshintrc
54 silly gunzTarPerm extractEntry app/css/main.css
55 silly gunzTarPerm extractEntry app/images/app-256.png
56 silly gunzTarPerm extractEntry app/images/app-32.png
57 silly gunzTarPerm extractEntry app/js/index.js
58 silly gunzTarPerm extractEntry app/js/slack-window.js
59 silly gunzTarPerm extractEntry app/views/index.html
60 silly gunzTarPerm extractEntry CONTRIBUTING.md
61 silly gunzTarPerm extractEntry release.sh
62 silly gunzTarPerm extractEntry .jscsrc
63 silly gunzTarPerm extractEntry postinstall.sh
64 silly gunzTarPerm extractEntry .editorconfig
65 silly lockFile e5afc2a8-6909-0-38222117722034454-package tar:///home/gxsplinter/tmp/npm-7378-n5t3aM9d/1434490016909-0.38222117722034454/package
66 silly lockFile e5afc2a8-6909-0-38222117722034454-package tar:///home/gxsplinter/tmp/npm-7378-n5t3aM9d/1434490016909-0.38222117722034454/package
67 silly lockFile fd6959a5-6909-0-38222117722034454-tmp-tgz tar:///home/gxsplinter/tmp/npm-7378-n5t3aM9d/1434490016909-0.38222117722034454/tmp.tgz
68 silly lockFile fd6959a5-6909-0-38222117722034454-tmp-tgz tar:///home/gxsplinter/tmp/npm-7378-n5t3aM9d/1434490016909-0.38222117722034454/tmp.tgz
69 verbose tar pack [ '/home/gxsplinter/.npm/plaidchat/2.0.1/package.tgz',
69 verbose tar pack   '/home/gxsplinter/tmp/npm-7378-n5t3aM9d/1434490016909-0.38222117722034454/package' ]
70 verbose tarball /home/gxsplinter/.npm/plaidchat/2.0.1/package.tgz
71 verbose folder /home/gxsplinter/tmp/npm-7378-n5t3aM9d/1434490016909-0.38222117722034454/package
72 silly lockFile e5afc2a8-6909-0-38222117722034454-package tar:///home/gxsplinter/tmp/npm-7378-n5t3aM9d/1434490016909-0.38222117722034454/package
73 verbose lock tar:///home/gxsplinter/tmp/npm-7378-n5t3aM9d/1434490016909-0.38222117722034454/package /home/gxsplinter/.npm/e5afc2a8-6909-0-38222117722034454-package.lock
74 silly lockFile ebaf1ca0--npm-plaidchat-2-0-1-package-tgz tar:///home/gxsplinter/.npm/plaidchat/2.0.1/package.tgz
75 verbose lock tar:///home/gxsplinter/.npm/plaidchat/2.0.1/package.tgz /home/gxsplinter/.npm/ebaf1ca0--npm-plaidchat-2-0-1-package-tgz.lock
76 silly lockFile e5afc2a8-6909-0-38222117722034454-package tar:///home/gxsplinter/tmp/npm-7378-n5t3aM9d/1434490016909-0.38222117722034454/package
77 silly lockFile e5afc2a8-6909-0-38222117722034454-package tar:///home/gxsplinter/tmp/npm-7378-n5t3aM9d/1434490016909-0.38222117722034454/package
78 silly lockFile ebaf1ca0--npm-plaidchat-2-0-1-package-tgz tar:///home/gxsplinter/.npm/plaidchat/2.0.1/package.tgz
79 silly lockFile ebaf1ca0--npm-plaidchat-2-0-1-package-tgz tar:///home/gxsplinter/.npm/plaidchat/2.0.1/package.tgz
80 silly lockFile aba12ebb-nter-npm-plaidchat-2-0-1-package /home/gxsplinter/.npm/plaidchat/2.0.1/package
81 verbose lock /home/gxsplinter/.npm/plaidchat/2.0.1/package /home/gxsplinter/.npm/aba12ebb-nter-npm-plaidchat-2-0-1-package.lock
82 silly lockFile aba12ebb-nter-npm-plaidchat-2-0-1-package /home/gxsplinter/.npm/plaidchat/2.0.1/package
83 silly lockFile aba12ebb-nter-npm-plaidchat-2-0-1-package /home/gxsplinter/.npm/plaidchat/2.0.1/package
84 verbose tar unpack /home/gxsplinter/.npm/plaidchat/2.0.1/package.tgz
85 silly lockFile b34ec925-nter-npm-plaidchat-2-0-1-package tar:///home/gxsplinter/.npm/plaidchat/2.0.1/package
86 verbose lock tar:///home/gxsplinter/.npm/plaidchat/2.0.1/package /home/gxsplinter/.npm/b34ec925-nter-npm-plaidchat-2-0-1-package.lock
87 silly lockFile ebaf1ca0--npm-plaidchat-2-0-1-package-tgz tar:///home/gxsplinter/.npm/plaidchat/2.0.1/package.tgz
88 verbose lock tar:///home/gxsplinter/.npm/plaidchat/2.0.1/package.tgz /home/gxsplinter/.npm/ebaf1ca0--npm-plaidchat-2-0-1-package-tgz.lock
89 silly gunzTarPerm modes [ '755', '644' ]
90 silly gunzTarPerm extractEntry package.json
91 silly gunzTarPerm extractEntry .npmignore
92 silly gunzTarPerm extractEntry README.md
93 silly gunzTarPerm extractEntry LICENSE
94 silly gunzTarPerm extractEntry Gruntfile.js
95 silly gunzTarPerm extractEntry run.js
96 silly gunzTarPerm extractEntry CONTRIBUTING.md
97 silly gunzTarPerm extractEntry CHANGELOG.md
98 silly gunzTarPerm extractEntry .jscsrc
99 silly gunzTarPerm extractEntry .travis.yml
100 silly gunzTarPerm extractEntry app/css/main.css
101 silly gunzTarPerm extractEntry app/images/app-256.png
102 silly gunzTarPerm extractEntry app/images/app-32.png
103 silly gunzTarPerm extractEntry app/js/index.js
104 silly gunzTarPerm extractEntry app/js/slack-window.js
105 silly gunzTarPerm extractEntry app/views/index.html
106 silly gunzTarPerm extractEntry docs/ffmpeg-license.txt
107 silly gunzTarPerm extractEntry docs/screenshot.png
108 silly gunzTarPerm extractEntry .jshintrc
109 silly gunzTarPerm extractEntry postinstall.sh
110 silly gunzTarPerm extractEntry release.sh
111 silly gunzTarPerm extractEntry .editorconfig
112 silly lockFile b34ec925-nter-npm-plaidchat-2-0-1-package tar:///home/gxsplinter/.npm/plaidchat/2.0.1/package
113 silly lockFile b34ec925-nter-npm-plaidchat-2-0-1-package tar:///home/gxsplinter/.npm/plaidchat/2.0.1/package
114 silly lockFile ebaf1ca0--npm-plaidchat-2-0-1-package-tgz tar:///home/gxsplinter/.npm/plaidchat/2.0.1/package.tgz
115 silly lockFile ebaf1ca0--npm-plaidchat-2-0-1-package-tgz tar:///home/gxsplinter/.npm/plaidchat/2.0.1/package.tgz
116 verbose chmod /home/gxsplinter/.npm/plaidchat/2.0.1/package.tgz 644
117 verbose chown /home/gxsplinter/.npm/plaidchat/2.0.1/package.tgz [ 1000, 1000 ]
118 silly lockFile d26a3e1c-rg-plaidchat-plaidchat-2-0-1-tgz https://registry.npmjs.org/plaidchat/-/plaidchat-2.0.1.tgz
119 silly lockFile d26a3e1c-rg-plaidchat-plaidchat-2-0-1-tgz https://registry.npmjs.org/plaidchat/-/plaidchat-2.0.1.tgz
120 silly lockFile 31b085b4-plaidchat-2-0-1 plaidchat@2.0.1
121 silly lockFile 31b085b4-plaidchat-2-0-1 plaidchat@2.0.1
122 silly lockFile b5c08b7e-plaidchat plaidchat@
123 silly lockFile b5c08b7e-plaidchat plaidchat@
124 silly resolved [ { name: 'plaidchat',
124 silly resolved     version: '2.0.1',
124 silly resolved     description: 'A Linux client for Slack',
124 silly resolved     keywords: [ 'slack', 'linux', 'node-webkit' ],
124 silly resolved     homepage: 'https://github.com/plaidchat/plaidchat',
124 silly resolved     bugs: { url: 'https://github.com/plaidchat/plaidchat/issues' },
124 silly resolved     author: { name: 'Will Laurance', url: 'https://github.com/wlaurance' },
124 silly resolved     repository: { type: 'git', url: 'git://github.com/plaidchat/plaidchat' },
124 silly resolved     main: 'app/views/index.html',
124 silly resolved     dependencies:
124 silly resolved      { commander: '^2.8.1',
124 silly resolved        'favico.js': '^0.3.8',
124 silly resolved        'get-uri': '^0.1.3',
124 silly resolved        nw: '0.12.1',
124 silly resolved        underscore: '^1.7.0' },
124 silly resolved     engines: { node: '>=0.10.0' },
124 silly resolved     os: [ 'linux' ],
124 silly resolved     scripts:
124 silly resolved      { start: 'node ./run.js',
124 silly resolved        test: 'grunt lint',
124 silly resolved        postinstall: './postinstall.sh' },
124 silly resolved     bin: { plaidchat: './run.js' },
124 silly resolved     devDependencies:
124 silly resolved      { 'github-changes': '^1.0.0',
124 silly resolved        grunt: '^0.4.5',
124 silly resolved        'grunt-cli': '^0.1.13',
124 silly resolved        'grunt-contrib-jshint': '^0.10.0',
124 silly resolved        'grunt-jscs': '^1.1.0',
124 silly resolved        'grunt-lintspaces': '^0.6.0' },
124 silly resolved     'single-instance': true,
124 silly resolved     window:
124 silly resolved      { title: 'plaidchat',
124 silly resolved        icon: './images/app-256.png',
124 silly resolved        width: 650,
124 silly resolved        height: 650,
124 silly resolved        min_width: 650,
124 silly resolved        min_height: 650,
124 silly resolved        toolbar: false },
124 silly resolved     webkit: { plugin: true },
124 silly resolved     'chromium-args': '--child-clean-exit',
124 silly resolved     readme: 'plaidchat [![Build Status](https://travis-ci.org/plaidchat/plaidchat.svg?branch=master)](https://travis-ci.org/plaidchat/plaidchat)\n=============\n\nA Slack client for Linux. Uses [nw.js][].\n\n**Features:**\n\n- Tray icon with notifications\n- Multi-team support\n- Watch videos in application\n\n![Screenshot](docs/screenshot.png)\n\n[nw.js]: https://github.com/nwjs/nw.js\n\nInstalling\n==========\n\n1) [Install Node.js](http://nodejs.org/download/). If Node.js is already installed, please continue.\n\n2) Install `plaidchat` via `npm`\n\n```bash\nnpm install plaidchat -g\n```\n\n3) Run `plaidchat`\n\nIf you have setup correctly, the above command will install the package\nsomewhere in your path.\n\nThen you can run your client from your terminal of choice.\n\n```bash\nplaidchat\n```\n\n`plaidchat` is not created by, affiliated with, or supported by Slack Technologies, Inc.\n\nRunning and Developing\n======================\n\n#### Clone the repo\n\n```bash\ngit clone git@github.com:plaidchat/plaidchat.git && cd plaidchat\n```\n\n#### Install dependencies\n\n```bash\nnpm install\n```\n\n#### Run it\n\n```bash\nnpm start\n```\n\nIssues\n======\n[JBKahn](https://github.com/JBKahn) Pointed out that libudev.so differs on different\nmachines. If you run into\n\n```\n./resources/node-webkit/Linux64/nw: error while loading shared libraries: libudev.so.0: cannot open shared object file: No such file or directory\n```\n\nGive [Issue #1](https://github.com/plaidchat/plaidchat/issues/1) a look.\n\nContributing\n============\nInterested in contributing? Great, we are always looking for more great people.\n\nGet started by finding an issue with the "help wanted" label and submitting a pull request.\n\nhttps://github.com/plaidchat/plaidchat/issues?q=label%3A%22help+wanted%22\n\nLicense\n=======\n`plaidchat` is licensed under the [MIT license][].\n\nUpon installation, we may copy `libffmpegsumo.so` from `/opt/google/chrome` (from [ffmpeg][]) into our repository. We are required to mention that this file is licensed under the [GPL license][ffmpeg-license].\n\n[MIT License]: LICENSE\n[ffmpeg]: http://ffmpeg.org/\n[ffmpeg-license]: docs/ffmpeg-license.txt\n\n------------\n\n[![Analytics](https://ga-beacon.appspot.com/UA-63524506-1/slack-for-linux/read-me)](https://github.com/igrigorik/ga-beacon)\n',
124 silly resolved     readmeFilename: 'README.md',
124 silly resolved     _id: 'plaidchat@2.0.1',
124 silly resolved     dist: { shasum: '7ceac79b50c2c721b75f9c9c6f3d41e15ffac175' },
124 silly resolved     _from: 'plaidchat@',
124 silly resolved     _resolved: 'https://registry.npmjs.org/plaidchat/-/plaidchat-2.0.1.tgz' } ]
125 info install plaidchat@2.0.1 into /usr/local/lib
126 info installOne plaidchat@2.0.1
127 info /usr/local/lib/node_modules/plaidchat unbuild
128 verbose tar unpack /home/gxsplinter/.npm/plaidchat/2.0.1/package.tgz
129 silly lockFile 714d0ecd-local-lib-node-modules-plaidchat tar:///usr/local/lib/node_modules/plaidchat
130 verbose lock tar:///usr/local/lib/node_modules/plaidchat /home/gxsplinter/.npm/714d0ecd-local-lib-node-modules-plaidchat.lock
131 silly lockFile ebaf1ca0--npm-plaidchat-2-0-1-package-tgz tar:///home/gxsplinter/.npm/plaidchat/2.0.1/package.tgz
132 verbose lock tar:///home/gxsplinter/.npm/plaidchat/2.0.1/package.tgz /home/gxsplinter/.npm/ebaf1ca0--npm-plaidchat-2-0-1-package-tgz.lock
133 silly gunzTarPerm modes [ '755', '644' ]
134 error Error: EACCES, mkdir '/usr/local/lib/node_modules/plaidchat'
134 error  { [Error: EACCES, mkdir '/usr/local/lib/node_modules/plaidchat']
134 error   errno: 3,
134 error   code: 'EACCES',
134 error   path: '/usr/local/lib/node_modules/plaidchat',
134 error   fstream_type: 'Directory',
134 error   fstream_path: '/usr/local/lib/node_modules/plaidchat',
134 error   fstream_class: 'DirWriter',
134 error   fstream_stack:
134 error    [ '/usr/lib/nodejs/fstream/lib/dir-writer.js:36:23',
134 error      '/usr/lib/nodejs/mkdirp/index.js:37:53',
134 error      'Object.oncomplete (fs.js:107:15)' ] }
135 error Please try running this command again as root/Administrator.
136 error System Linux 3.13.0-37-generic
137 error command "/usr/bin/nodejs" "/usr/bin/npm" "install" "plaidchat" "-g"
138 error cwd /home/gxsplinter/wegotcoders/projects/7thWeek/gravytrain
139 error node -v v0.10.25
140 error npm -v 1.3.10
141 error path /usr/local/lib/node_modules/plaidchat
142 error fstream_path /usr/local/lib/node_modules/plaidchat
143 error fstream_type Directory
144 error fstream_class DirWriter
145 error code EACCES
146 error errno 3
147 error stack Error: EACCES, mkdir '/usr/local/lib/node_modules/plaidchat'
148 error fstream_stack /usr/lib/nodejs/fstream/lib/dir-writer.js:36:23
148 error fstream_stack /usr/lib/nodejs/mkdirp/index.js:37:53
148 error fstream_stack Object.oncomplete (fs.js:107:15)
149 verbose exit [ 3, true ]
